[1106/115506.148:ERROR:directory_reader_win.cc(43)] FindFirstFile: The system cannot find the path specified. (0x3)
[1106/124801.450:ERROR:process_reader_win.cc(151)] SuspendThread: Access is denied. (0x5)
[1106/124801.450:ERROR:process_reader_win.cc(151)] SuspendThread: Access is denied. (0x5)
[1106/124801.458:ERROR:process_reader_win.cc(151)] SuspendThread: Access is denied. (0x5)
[1106/124801.458:ERROR:process_reader_win.cc(151)] SuspendThread: Access is denied. (0x5)
[1106/124801.458:ERROR:process_reader_win.cc(151)] SuspendThread: Access is denied. (0x5)
[1106/124801.458:ERROR:process_reader_win.cc(151)] SuspendThread: Access is denied. (0x5)
[1106/124801.454:ERROR:process_reader_win.cc(123)] NtOpenThread: {Access Denied} A process has requested access to an object, but has not been granted those access rights. (0xc0000022)
[1106/124801.466:ERROR:exception_snapshot_win.cc(99)] thread ID 11788 not found in process
[1106/124801.458:ERROR:process_reader_win.cc(123)] NtOpenThread: {Access Denied} A process has requested access to an object, but has not been granted those access rights. (0xc0000022)
[1106/124801.466:ERROR:exception_snapshot_win.cc(99)] thread ID 14352 not found in process
[1106/124856.848:ERROR:process_reader_win.cc(151)] SuspendThread: Access is denied. (0x5)
[1106/124856.852:ERROR:process_reader_win.cc(123)] NtOpenThread: {Access Denied} A process has requested access to an object, but has not been granted those access rights. (0xc0000022)
[1106/124856.852:ERROR:exception_snapshot_win.cc(99)] thread ID 20776 not found in process
[1106/124856.884:ERROR:process_reader_win.cc(151)] SuspendThread: Access is denied. (0x5)
[1106/124856.884:ERROR:process_reader_win.cc(123)] NtOpenThread: {Access Denied} A process has requested access to an object, but has not been granted those access rights. (0xc0000022)
[1106/124856.884:ERROR:exception_snapshot_win.cc(99)] thread ID 636 not found in process
[1106/124856.900:ERROR:process_reader_win.cc(151)] SuspendThread: Access is denied. (0x5)
[1106/124856.900:ERROR:process_reader_win.cc(151)] SuspendThread: Access is denied. (0x5)
[1106/124856.900:ERROR:process_reader_win.cc(151)] SuspendThread: Access is denied. (0x5)
[1106/124856.900:ERROR:process_reader_win.cc(151)] SuspendThread: Access is denied. (0x5)
[1106/124856.900:ERROR:process_reader_win.cc(151)] SuspendThread: Access is denied. (0x5)
[1106/124856.900:ERROR:process_reader_win.cc(123)] NtOpenThread: {Access Denied} A process has requested access to an object, but has not been granted those access rights. (0xc0000022)
[1106/124856.900:ERROR:exception_snapshot_win.cc(99)] thread ID 11904 not found in process
[1106/125914.295:ERROR:directory_reader_win.cc(43)] FindFirstFile: The system cannot find the path specified. (0x3)
[1106/140123.928:ERROR:process_reader_win.cc(151)] SuspendThread: Access is denied. (0x5)
[1106/140123.929:ERROR:process_reader_win.cc(151)] SuspendThread: Access is denied. (0x5)
[1106/140123.929:ERROR:process_reader_win.cc(123)] NtOpenThread: {Access Denied} A process has requested access to an object, but has not been granted those access rights. (0xc0000022)
[1106/140123.930:ERROR:exception_snapshot_win.cc(99)] thread ID 11076 not found in process
[1106/140123.970:ERROR:process_reader_win.cc(123)] NtOpenThread: {Access Denied} A process has requested access to an object, but has not been granted those access rights. (0xc0000022)
[1106/140123.970:ERROR:exception_snapshot_win.cc(99)] thread ID 21832 not found in process
[1106/141437.187:ERROR:directory_reader_win.cc(43)] FindFirstFile: The system cannot find the path specified. (0x3)
[1106/214918.697:ERROR:process_reader_win.cc(151)] SuspendThread: Access is denied. (0x5)
[1106/214918.730:ERROR:process_reader_win.cc(151)] SuspendThread: Access is denied. (0x5)
[1106/214918.738:ERROR:process_reader_win.cc(151)] SuspendThread: Access is denied. (0x5)
[1106/214918.738:ERROR:process_reader_win.cc(123)] NtOpenThread: {Access Denied} A process has requested access to an object, but has not been granted those access rights. (0xc0000022)
[1106/214918.786:ERROR:exception_snapshot_win.cc(99)] thread ID 22692 not found in process
[1106/214918.738:ERROR:process_reader_win.cc(123)] NtOpenThread: {Access Denied} A process has requested access to an object, but has not been granted those access rights. (0xc0000022)
[1106/214918.791:ERROR:exception_snapshot_win.cc(99)] thread ID 23236 not found in process
[1108/112213.760:ERROR:directory_reader_win.cc(43)] FindFirstFile: The system cannot find the path specified. (0x3)
[1108/120229.259:ERROR:process_reader_win.cc(123)] NtOpenThread: {Access Denied} A process has requested access to an object, but has not been granted those access rights. (0xc0000022)
[1108/120229.272:ERROR:exception_snapshot_win.cc(99)] thread ID 11776 not found in process
[1108/120229.270:ERROR:process_reader_win.cc(123)] NtOpenThread: {Access Denied} A process has requested access to an object, but has not been granted those access rights. (0xc0000022)
[1108/120229.273:ERROR:exception_snapshot_win.cc(99)] thread ID 1544 not found in process
[1108/123834.800:ERROR:directory_reader_win.cc(43)] FindFirstFile: The system cannot find the path specified. (0x3)
[1108/134220.571:ERROR:process_reader_win.cc(123)] NtOpenThread: {Access Denied} A process has requested access to an object, but has not been granted those access rights. (0xc0000022)
[1108/134220.572:ERROR:exception_snapshot_win.cc(99)] thread ID 21608 not found in process
[1108/134220.599:ERROR:process_reader_win.cc(123)] NtOpenThread: {Access Denied} A process has requested access to an object, but has not been granted those access rights. (0xc0000022)
[1108/134220.599:ERROR:exception_snapshot_win.cc(99)] thread ID 18680 not found in process
[1108/134326.731:ERROR:process_reader_win.cc(151)] SuspendThread: Access is denied. (0x5)
[1108/134326.732:ERROR:process_reader_win.cc(123)] NtOpenThread: {Access Denied} A process has requested access to an object, but has not been granted those access rights. (0xc0000022)
[1108/134326.732:ERROR:exception_snapshot_win.cc(99)] thread ID 7664 not found in process
[1108/134326.770:ERROR:process_reader_win.cc(151)] SuspendThread: Access is denied. (0x5)
[1108/134326.770:ERROR:process_reader_win.cc(151)] SuspendThread: Access is denied. (0x5)
[1108/134326.770:ERROR:process_reader_win.cc(151)] SuspendThread: Access is denied. (0x5)
[1108/134326.770:ERROR:process_reader_win.cc(151)] SuspendThread: Access is denied. (0x5)
[1108/134326.770:ERROR:process_reader_win.cc(151)] SuspendThread: Access is denied. (0x5)
[1108/134326.771:ERROR:process_reader_win.cc(123)] NtOpenThread: {Access Denied} A process has requested access to an object, but has not been granted those access rights. (0xc0000022)
[1108/134326.771:ERROR:exception_snapshot_win.cc(99)] thread ID 19276 not found in process
[1108/134327.097:ERROR:process_reader_win.cc(123)] NtOpenThread: {Access Denied} A process has requested access to an object, but has not been granted those access rights. (0xc0000022)
[1108/134327.097:ERROR:exception_snapshot_win.cc(99)] thread ID 22016 not found in process
[1108/134413.984:ERROR:process_reader_win.cc(123)] NtOpenThread: {Access Denied} A process has requested access to an object, but has not been granted those access rights. (0xc0000022)
[1108/134413.985:ERROR:exception_snapshot_win.cc(99)] thread ID 3620 not found in process
[1108/134414.003:ERROR:process_reader_win.cc(123)] NtOpenThread: {Access Denied} A process has requested access to an object, but has not been granted those access rights. (0xc0000022)
[1108/134414.003:ERROR:exception_snapshot_win.cc(99)] thread ID 9128 not found in process
[1108/134715.275:ERROR:process_reader_win.cc(151)] SuspendThread: Access is denied. (0x5)
[1108/134715.277:ERROR:process_reader_win.cc(151)] SuspendThread: Access is denied. (0x5)
[1108/134715.277:ERROR:process_reader_win.cc(123)] NtOpenThread: {Access Denied} A process has requested access to an object, but has not been granted those access rights. (0xc0000022)
[1108/134715.278:ERROR:exception_snapshot_win.cc(99)] thread ID 11988 not found in process
[1108/134715.309:ERROR:process_reader_win.cc(123)] NtOpenThread: {Access Denied} A process has requested access to an object, but has not been granted those access rights. (0xc0000022)
[1108/134715.309:ERROR:exception_snapshot_win.cc(99)] thread ID 15552 not found in process
[1114/164026.029:ERROR:process_reader_win.cc(123)] NtOpenThread: {Access Denied} A process has requested access to an object, but has not been granted those access rights. (0xc0000022)
[1114/164026.062:ERROR:process_reader_win.cc(123)] NtOpenThread: {Access Denied} A process has requested access to an object, but has not been granted those access rights. (0xc0000022)
[1114/164026.095:ERROR:exception_snapshot_win.cc(99)] thread ID 8368 not found in process
[1114/164026.099:ERROR:exception_snapshot_win.cc(99)] thread ID 22856 not found in process
[1114/165037.005:ERROR:process_reader_win.cc(151)] SuspendThread: Access is denied. (0x5)
[1114/165037.005:ERROR:process_reader_win.cc(123)] NtOpenThread: {Access Denied} A process has requested access to an object, but has not been granted those access rights. (0xc0000022)
[1114/165037.005:ERROR:exception_snapshot_win.cc(99)] thread ID 3068 not found in process
[1114/165037.029:ERROR:process_reader_win.cc(123)] NtOpenThread: {Access Denied} A process has requested access to an object, but has not been granted those access rights. (0xc0000022)
[1114/165037.029:ERROR:exception_snapshot_win.cc(99)] thread ID 5248 not found in process
[1114/165242.253:ERROR:process_reader_win.cc(123)] NtOpenThread: {Access Denied} A process has requested access to an object, but has not been granted those access rights. (0xc0000022)
[1114/165242.253:ERROR:exception_snapshot_win.cc(99)] thread ID 29916 not found in process
[1114/165242.334:ERROR:process_reader_win.cc(123)] NtOpenThread: {Access Denied} A process has requested access to an object, but has not been granted those access rights. (0xc0000022)
[1114/165242.334:ERROR:exception_snapshot_win.cc(99)] thread ID 21204 not found in process
[1114/165633.037:ERROR:process_reader_win.cc(151)] SuspendThread: Access is denied. (0x5)
[1114/165633.037:ERROR:process_reader_win.cc(123)] NtOpenThread: {Access Denied} A process has requested access to an object, but has not been granted those access rights. (0xc0000022)
[1114/165633.037:ERROR:exception_snapshot_win.cc(99)] thread ID 28420 not found in process
[1114/165633.060:ERROR:process_reader_win.cc(123)] NtOpenThread: {Access Denied} A process has requested access to an object, but has not been granted those access rights. (0xc0000022)
[1114/165633.060:ERROR:exception_snapshot_win.cc(99)] thread ID 8240 not found in process
[1116/102151.779:ERROR:process_reader_win.cc(123)] NtOpenThread: {Access Denied} A process has requested access to an object, but has not been granted those access rights. (0xc0000022)
[1116/102151.808:ERROR:process_reader_win.cc(123)] NtOpenThread: {Access Denied} A process has requested access to an object, but has not been granted those access rights. (0xc0000022)
[1116/102151.819:ERROR:exception_snapshot_win.cc(99)] thread ID 4104 not found in process
[1116/102151.819:ERROR:exception_snapshot_win.cc(99)] thread ID 11660 not found in process
[1116/102529.361:ERROR:process_reader_win.cc(151)] SuspendThread: Access is denied. (0x5)
[1116/102529.362:ERROR:process_reader_win.cc(151)] SuspendThread: Access is denied. (0x5)
[1116/102529.362:ERROR:process_reader_win.cc(123)] NtOpenThread: {Access Denied} A process has requested access to an object, but has not been granted those access rights. (0xc0000022)
[1116/102529.362:ERROR:exception_snapshot_win.cc(99)] thread ID 13848 not found in process
[1116/102529.390:ERROR:process_reader_win.cc(151)] SuspendThread: Access is denied. (0x5)
[1116/102529.391:ERROR:process_reader_win.cc(151)] SuspendThread: Access is denied. (0x5)
[1116/102529.391:ERROR:process_reader_win.cc(151)] SuspendThread: Access is denied. (0x5)
[1116/102529.391:ERROR:process_reader_win.cc(151)] SuspendThread: Access is denied. (0x5)
[1116/102529.391:ERROR:process_reader_win.cc(151)] SuspendThread: Access is denied. (0x5)
[1116/102529.391:ERROR:process_reader_win.cc(151)] SuspendThread: Access is denied. (0x5)
[1116/102529.391:ERROR:process_reader_win.cc(123)] NtOpenThread: {Access Denied} A process has requested access to an object, but has not been granted those access rights. (0xc0000022)
[1116/102529.391:ERROR:exception_snapshot_win.cc(99)] thread ID 3456 not found in process
[1116/103547.146:ERROR:directory_reader_win.cc(43)] FindFirstFile: The system cannot find the path specified. (0x3)
[1116/104216.579:ERROR:process_reader_win.cc(123)] NtOpenThread: {Access Denied} A process has requested access to an object, but has not been granted those access rights. (0xc0000022)
[1116/104216.581:ERROR:exception_snapshot_win.cc(99)] thread ID 2452 not found in process
[1116/104216.618:ERROR:process_reader_win.cc(123)] NtOpenThread: {Access Denied} A process has requested access to an object, but has not been granted those access rights. (0xc0000022)
[1116/104216.618:ERROR:exception_snapshot_win.cc(99)] thread ID 1652 not found in process
[1116/104315.436:ERROR:process_reader_win.cc(151)] SuspendThread: Access is denied. (0x5)
[1116/104315.436:ERROR:process_reader_win.cc(123)] NtOpenThread: {Access Denied} A process has requested access to an object, but has not been granted those access rights. (0xc0000022)
[1116/104315.436:ERROR:exception_snapshot_win.cc(99)] thread ID 17796 not found in process
[1116/104315.503:ERROR:process_reader_win.cc(123)] NtOpenThread: {Access Denied} A process has requested access to an object, but has not been granted those access rights. (0xc0000022)
[1116/104315.504:ERROR:exception_snapshot_win.cc(99)] thread ID 9808 not found in process
[1117/135241.350:ERROR:process_reader_win.cc(151)] SuspendThread: Access is denied. (0x5)
[1117/135241.389:ERROR:process_reader_win.cc(151)] SuspendThread: Access is denied. (0x5)
[1117/135241.389:ERROR:process_reader_win.cc(123)] NtOpenThread: {Access Denied} A process has requested access to an object, but has not been granted those access rights. (0xc0000022)
[1117/135241.404:ERROR:process_reader_win.cc(123)] NtOpenThread: {Access Denied} A process has requested access to an object, but has not been granted those access rights. (0xc0000022)
[1117/135241.420:ERROR:exception_snapshot_win.cc(99)] thread ID 9636 not found in process
[1117/135241.420:ERROR:exception_snapshot_win.cc(99)] thread ID 13800 not found in process
[1117/135624.024:ERROR:process_reader_win.cc(123)] NtOpenThread: {Access Denied} A process has requested access to an object, but has not been granted those access rights. (0xc0000022)
[1117/135624.040:ERROR:exception_snapshot_win.cc(99)] thread ID 17544 not found in process
[1117/135624.126:ERROR:process_reader_win.cc(123)] NtOpenThread: {Access Denied} A process has requested access to an object, but has not been granted those access rights. (0xc0000022)
[1117/135624.126:ERROR:exception_snapshot_win.cc(99)] thread ID 18584 not found in process
[1117/140812.672:ERROR:process_reader_win.cc(151)] SuspendThread: Access is denied. (0x5)
[1117/140812.672:ERROR:process_reader_win.cc(123)] NtOpenThread: {Access Denied} A process has requested access to an object, but has not been granted those access rights. (0xc0000022)
[1117/140812.672:ERROR:exception_snapshot_win.cc(99)] thread ID 9120 not found in process
[1117/140812.736:ERROR:process_reader_win.cc(123)] NtOpenThread: {Access Denied} A process has requested access to an object, but has not been granted those access rights. (0xc0000022)
[1117/140812.736:ERROR:exception_snapshot_win.cc(99)] thread ID 13000 not found in process
[1117/140931.448:ERROR:process_reader_win.cc(123)] NtOpenThread: {Access Denied} A process has requested access to an object, but has not been granted those access rights. (0xc0000022)
[1117/140931.464:ERROR:exception_snapshot_win.cc(99)] thread ID 14696 not found in process
[1117/140931.546:ERROR:process_reader_win.cc(123)] NtOpenThread: {Access Denied} A process has requested access to an object, but has not been granted those access rights. (0xc0000022)
[1117/140931.546:ERROR:exception_snapshot_win.cc(99)] thread ID 9316 not found in process
[1117/141955.083:ERROR:directory_reader_win.cc(43)] FindFirstFile: The system cannot find the path specified. (0x3)
[1117/142108.117:ERROR:process_reader_win.cc(151)] SuspendThread: Access is denied. (0x5)
[1117/142108.117:ERROR:process_reader_win.cc(151)] SuspendThread: Access is denied. (0x5)
[1117/142108.117:ERROR:process_reader_win.cc(123)] NtOpenThread: {Access Denied} A process has requested access to an object, but has not been granted those access rights. (0xc0000022)
[1117/142108.117:ERROR:exception_snapshot_win.cc(99)] thread ID 18580 not found in process
[1117/142108.132:ERROR:process_reader_win.cc(151)] SuspendThread: Access is denied. (0x5)
[1117/142108.132:ERROR:process_reader_win.cc(151)] SuspendThread: Access is denied. (0x5)
[1117/142108.132:ERROR:process_reader_win.cc(151)] SuspendThread: Access is denied. (0x5)
[1117/142108.132:ERROR:process_reader_win.cc(123)] NtOpenThread: {Access Denied} A process has requested access to an object, but has not been granted those access rights. (0xc0000022)
[1117/142108.132:ERROR:exception_snapshot_win.cc(99)] thread ID 18500 not found in process
[1117/142522.183:ERROR:process_reader_win.cc(151)] SuspendThread: Access is denied. (0x5)
[1117/142522.186:ERROR:process_reader_win.cc(123)] NtOpenThread: {Access Denied} A process has requested access to an object, but has not been granted those access rights. (0xc0000022)
[1117/142522.186:ERROR:exception_snapshot_win.cc(99)] thread ID 14212 not found in process
[1117/142522.245:ERROR:process_reader_win.cc(123)] NtOpenThread: {Access Denied} A process has requested access to an object, but has not been granted those access rights. (0xc0000022)
[1117/142522.245:ERROR:exception_snapshot_win.cc(99)] thread ID 392 not found in process
[1117/144110.673:ERROR:directory_reader_win.cc(43)] FindFirstFile: The system cannot find the path specified. (0x3)
[1117/144236.615:ERROR:process_reader_win.cc(151)] SuspendThread: Access is denied. (0x5)
[1117/144236.615:ERROR:process_reader_win.cc(151)] SuspendThread: Access is denied. (0x5)
[1117/144236.615:ERROR:process_reader_win.cc(123)] NtOpenThread: {Access Denied} A process has requested access to an object, but has not been granted those access rights. (0xc0000022)
[1117/144236.619:ERROR:exception_snapshot_win.cc(99)] thread ID 16312 not found in process
[1117/144236.643:ERROR:process_reader_win.cc(123)] NtOpenThread: {Access Denied} A process has requested access to an object, but has not been granted those access rights. (0xc0000022)
[1117/144236.643:ERROR:exception_snapshot_win.cc(99)] thread ID 8516 not found in process
[1117/145316.082:ERROR:directory_reader_win.cc(43)] FindFirstFile: The system cannot find the path specified. (0x3)
[1117/220032.765:ERROR:process_reader_win.cc(151)] SuspendThread: Access is denied. (0x5)
[1117/220032.765:ERROR:process_reader_win.cc(123)] NtOpenThread: {Access Denied} A process has requested access to an object, but has not been granted those access rights. (0xc0000022)
[1117/220032.765:ERROR:exception_snapshot_win.cc(99)] thread ID 16364 not found in process
[1117/220032.806:ERROR:process_reader_win.cc(123)] NtOpenThread: {Access Denied} A process has requested access to an object, but has not been granted those access rights. (0xc0000022)
[1117/220032.806:ERROR:exception_snapshot_win.cc(99)] thread ID 7880 not found in process
[1117/220335.589:ERROR:process_reader_win.cc(151)] SuspendThread: Access is denied. (0x5)
[1117/220335.589:ERROR:process_reader_win.cc(151)] SuspendThread: Access is denied. (0x5)
[1117/220335.589:ERROR:process_reader_win.cc(123)] NtOpenThread: {Access Denied} A process has requested access to an object, but has not been granted those access rights. (0xc0000022)
[1117/220335.589:ERROR:exception_snapshot_win.cc(99)] thread ID 8096 not found in process
[1117/220335.589:ERROR:process_reader_win.cc(151)] SuspendThread: Access is denied. (0x5)
[1117/220335.589:ERROR:process_reader_win.cc(151)] SuspendThread: Access is denied. (0x5)
[1117/220335.589:ERROR:process_reader_win.cc(123)] NtOpenThread: {Access Denied} A process has requested access to an object, but has not been granted those access rights. (0xc0000022)
[1117/220335.589:ERROR:exception_snapshot_win.cc(99)] thread ID 16304 not found in process
[1117/220335.620:ERROR:process_reader_win.cc(151)] SuspendThread: Access is denied. (0x5)
[1117/220335.620:ERROR:process_reader_win.cc(151)] SuspendThread: Access is denied. (0x5)
[1117/220335.620:ERROR:process_reader_win.cc(151)] SuspendThread: Access is denied. (0x5)
[1117/220335.620:ERROR:process_reader_win.cc(151)] SuspendThread: Access is denied. (0x5)
[1117/220335.620:ERROR:process_reader_win.cc(123)] NtOpenThread: {Access Denied} A process has requested access to an object, but has not been granted those access rights. (0xc0000022)
[1117/220335.620:ERROR:exception_snapshot_win.cc(99)] thread ID 14720 not found in process
[1117/220335.620:ERROR:process_reader_win.cc(151)] SuspendThread: Access is denied. (0x5)
[1117/220335.620:ERROR:process_reader_win.cc(151)] SuspendThread: Access is denied. (0x5)
[1117/220335.620:ERROR:process_reader_win.cc(151)] SuspendThread: Access is denied. (0x5)
[1117/220335.620:ERROR:process_reader_win.cc(151)] SuspendThread: Access is denied. (0x5)
[1117/220335.620:ERROR:process_reader_win.cc(151)] SuspendThread: Access is denied. (0x5)
[1117/220335.620:ERROR:process_reader_win.cc(123)] NtOpenThread: {Access Denied} A process has requested access to an object, but has not been granted those access rights. (0xc0000022)
[1117/220335.620:ERROR:exception_snapshot_win.cc(99)] thread ID 6824 not found in process
[1117/220434.361:ERROR:process_reader_win.cc(123)] NtOpenThread: {Access Denied} A process has requested access to an object, but has not been granted those access rights. (0xc0000022)
[1117/220434.361:ERROR:exception_snapshot_win.cc(99)] thread ID 2784 not found in process
[1117/220434.423:ERROR:process_reader_win.cc(151)] SuspendThread: Access is denied. (0x5)
[1117/220434.423:ERROR:process_reader_win.cc(123)] NtOpenThread: {Access Denied} A process has requested access to an object, but has not been granted those access rights. (0xc0000022)
[1117/220434.423:ERROR:exception_snapshot_win.cc(99)] thread ID 17608 not found in process
[1117/220434.441:ERROR:process_reader_win.cc(151)] SuspendThread: Access is denied. (0x5)
[1117/220434.441:ERROR:process_reader_win.cc(151)] SuspendThread: Access is denied. (0x5)
[1117/220434.441:ERROR:process_reader_win.cc(151)] SuspendThread: Access is denied. (0x5)
[1117/220434.441:ERROR:process_reader_win.cc(151)] SuspendThread: Access is denied. (0x5)
[1117/220434.441:ERROR:process_reader_win.cc(151)] SuspendThread: Access is denied. (0x5)
[1117/220434.441:ERROR:process_reader_win.cc(123)] NtOpenThread: {Access Denied} A process has requested access to an object, but has not been granted those access rights. (0xc0000022)
[1117/220434.441:ERROR:exception_snapshot_win.cc(99)] thread ID 17824 not found in process
[1117/220641.466:ERROR:process_reader_win.cc(151)] SuspendThread: Access is denied. (0x5)
[1117/220641.466:ERROR:process_reader_win.cc(123)] NtOpenThread: {Access Denied} A process has requested access to an object, but has not been granted those access rights. (0xc0000022)
[1117/220641.466:ERROR:exception_snapshot_win.cc(99)] thread ID 9300 not found in process
[1117/220641.504:ERROR:process_reader_win.cc(123)] NtOpenThread: {Access Denied} A process has requested access to an object, but has not been granted those access rights. (0xc0000022)
[1117/220641.504:ERROR:exception_snapshot_win.cc(99)] thread ID 9392 not found in process
[1117/220938.316:ERROR:process_reader_win.cc(151)] SuspendThread: Access is denied. (0x5)
[1117/220938.316:ERROR:process_reader_win.cc(123)] NtOpenThread: {Access Denied} A process has requested access to an object, but has not been granted those access rights. (0xc0000022)
[1117/220938.316:ERROR:exception_snapshot_win.cc(99)] thread ID 10348 not found in process
[1117/220938.354:ERROR:process_reader_win.cc(151)] SuspendThread: Access is denied. (0x5)
[1117/220938.354:ERROR:process_reader_win.cc(123)] NtOpenThread: {Access Denied} A process has requested access to an object, but has not been granted those access rights. (0xc0000022)
[1117/220938.354:ERROR:exception_snapshot_win.cc(99)] thread ID 14080 not found in process
[1117/220938.363:ERROR:process_reader_win.cc(151)] SuspendThread: Access is denied. (0x5)
[1117/220938.363:ERROR:process_reader_win.cc(151)] SuspendThread: Access is denied. (0x5)
[1117/220938.363:ERROR:process_reader_win.cc(151)] SuspendThread: Access is denied. (0x5)
[1117/220938.363:ERROR:process_reader_win.cc(151)] SuspendThread: Access is denied. (0x5)
[1117/220938.363:ERROR:process_reader_win.cc(151)] SuspendThread: Access is denied. (0x5)
[1117/220938.363:ERROR:process_reader_win.cc(151)] SuspendThread: Access is denied. (0x5)
[1117/220938.363:ERROR:process_reader_win.cc(123)] NtOpenThread: {Access Denied} A process has requested access to an object, but has not been granted those access rights. (0xc0000022)
[1117/220938.363:ERROR:exception_snapshot_win.cc(99)] thread ID 844 not found in process
[1118/104058.361:ERROR:process_reader_win.cc(123)] NtOpenThread: {Access Denied} A process has requested access to an object, but has not been granted those access rights. (0xc0000022)
[1118/104058.412:ERROR:exception_snapshot_win.cc(99)] thread ID 6796 not found in process
[1118/104058.412:ERROR:process_reader_win.cc(123)] NtOpenThread: {Access Denied} A process has requested access to an object, but has not been granted those access rights. (0xc0000022)
[1118/104058.412:ERROR:exception_snapshot_win.cc(99)] thread ID 18980 not found in process
[1119/183235.145:ERROR:process_reader_win.cc(123)] NtOpenThread: {Access Denied} A process has requested access to an object, but has not been granted those access rights. (0xc0000022)
[1119/183235.176:ERROR:process_reader_win.cc(123)] NtOpenThread: {Access Denied} A process has requested access to an object, but has not been granted those access rights. (0xc0000022)
[1119/183235.176:ERROR:exception_snapshot_win.cc(99)] thread ID 9800 not found in process
[1119/183235.176:ERROR:exception_snapshot_win.cc(99)] thread ID 18804 not found in process
[1119/183303.905:ERROR:process_reader_win.cc(123)] NtOpenThread: {Access Denied} A process has requested access to an object, but has not been granted those access rights. (0xc0000022)
[1119/183303.905:ERROR:exception_snapshot_win.cc(99)] thread ID 11028 not found in process
[1119/183303.920:ERROR:process_reader_win.cc(123)] NtOpenThread: {Access Denied} A process has requested access to an object, but has not been granted those access rights. (0xc0000022)
[1119/183303.920:ERROR:exception_snapshot_win.cc(99)] thread ID 11988 not found in process
[1119/183303.936:ERROR:process_reader_win.cc(123)] NtOpenThread: {Access Denied} A process has requested access to an object, but has not been granted those access rights. (0xc0000022)
[1119/183303.936:ERROR:exception_snapshot_win.cc(99)] thread ID 14236 not found in process
[1119/183659.033:ERROR:process_reader_win.cc(123)] NtOpenThread: {Access Denied} A process has requested access to an object, but has not been granted those access rights. (0xc0000022)
[1119/183659.033:ERROR:exception_snapshot_win.cc(99)] thread ID 12720 not found in process
[1119/183659.064:ERROR:process_reader_win.cc(123)] NtOpenThread: {Access Denied} A process has requested access to an object, but has not been granted those access rights. (0xc0000022)
[1119/183659.064:ERROR:exception_snapshot_win.cc(99)] thread ID 9028 not found in process
[1119/183941.946:ERROR:process_reader_win.cc(123)] NtOpenThread: {Access Denied} A process has requested access to an object, but has not been granted those access rights. (0xc0000022)
[1119/183941.947:ERROR:exception_snapshot_win.cc(99)] thread ID 72 not found in process
[1119/183941.967:ERROR:process_reader_win.cc(123)] NtOpenThread: {Access Denied} A process has requested access to an object, but has not been granted those access rights. (0xc0000022)
[1119/183941.967:ERROR:exception_snapshot_win.cc(99)] thread ID 9516 not found in process
[1119/184035.983:ERROR:process_reader_win.cc(123)] NtOpenThread: {Access Denied} A process has requested access to an object, but has not been granted those access rights. (0xc0000022)
[1119/184035.986:ERROR:exception_snapshot_win.cc(99)] thread ID 18132 not found in process
[1119/184035.999:ERROR:process_reader_win.cc(151)] SuspendThread: Access is denied. (0x5)
[1119/184036.002:ERROR:process_reader_win.cc(123)] NtOpenThread: {Access Denied} A process has requested access to an object, but has not been granted those access rights. (0xc0000022)
[1119/184036.002:ERROR:exception_snapshot_win.cc(99)] thread ID 11784 not found in process
[1119/184036.004:ERROR:process_reader_win.cc(123)] NtOpenThread: {Access Denied} A process has requested access to an object, but has not been granted those access rights. (0xc0000022)
[1119/184036.004:ERROR:exception_snapshot_win.cc(99)] thread ID 8152 not found in process
[1119/203318.973:ERROR:process_reader_win.cc(151)] SuspendThread: Access is denied. (0x5)
[1119/203318.973:ERROR:process_reader_win.cc(123)] NtOpenThread: {Access Denied} A process has requested access to an object, but has not been granted those access rights. (0xc0000022)
[1119/203318.974:ERROR:exception_snapshot_win.cc(99)] thread ID 15236 not found in process
[1119/203319.008:ERROR:process_reader_win.cc(151)] SuspendThread: Access is denied. (0x5)
[1119/203319.008:ERROR:process_reader_win.cc(151)] SuspendThread: Access is denied. (0x5)
[1119/203319.008:ERROR:process_reader_win.cc(151)] SuspendThread: Access is denied. (0x5)
[1119/203319.008:ERROR:process_reader_win.cc(151)] SuspendThread: Access is denied. (0x5)
[1119/203319.008:ERROR:process_reader_win.cc(123)] NtOpenThread: {Access Denied} A process has requested access to an object, but has not been granted those access rights. (0xc0000022)
[1119/203319.008:ERROR:exception_snapshot_win.cc(99)] thread ID 17136 not found in process
[1119/204936.154:ERROR:directory_reader_win.cc(43)] FindFirstFile: The system cannot find the path specified. (0x3)
[1119/205318.914:ERROR:process_reader_win.cc(151)] SuspendThread: Access is denied. (0x5)
[1119/205318.915:ERROR:process_reader_win.cc(151)] SuspendThread: Access is denied. (0x5)
[1119/205318.915:ERROR:process_reader_win.cc(123)] NtOpenThread: {Access Denied} A process has requested access to an object, but has not been granted those access rights. (0xc0000022)
[1119/205318.915:ERROR:exception_snapshot_win.cc(99)] thread ID 17172 not found in process
[1119/205318.947:ERROR:process_reader_win.cc(151)] SuspendThread: Access is denied. (0x5)
[1119/205318.947:ERROR:process_reader_win.cc(151)] SuspendThread: Access is denied. (0x5)
[1119/205318.947:ERROR:process_reader_win.cc(151)] SuspendThread: Access is denied. (0x5)
[1119/205318.947:ERROR:process_reader_win.cc(151)] SuspendThread: Access is denied. (0x5)
[1119/205318.947:ERROR:process_reader_win.cc(151)] SuspendThread: Access is denied. (0x5)
[1119/205318.947:ERROR:process_reader_win.cc(151)] SuspendThread: Access is denied. (0x5)
[1119/205318.947:ERROR:process_reader_win.cc(123)] NtOpenThread: {Access Denied} A process has requested access to an object, but has not been granted those access rights. (0xc0000022)
[1119/205318.947:ERROR:exception_snapshot_win.cc(99)] thread ID 416 not found in process
[1119/205418.775:ERROR:process_reader_win.cc(123)] NtOpenThread: {Access Denied} A process has requested access to an object, but has not been granted those access rights. (0xc0000022)
[1119/205418.776:ERROR:exception_snapshot_win.cc(99)] thread ID 9568 not found in process
[1119/205418.799:ERROR:process_reader_win.cc(151)] SuspendThread: Access is denied. (0x5)
[1119/205418.799:ERROR:process_reader_win.cc(123)] NtOpenThread: {Access Denied} A process has requested access to an object, but has not been granted those access rights. (0xc0000022)
[1119/205418.799:ERROR:exception_snapshot_win.cc(99)] thread ID 9316 not found in process
[1119/205418.804:ERROR:process_reader_win.cc(151)] SuspendThread: Access is denied. (0x5)
[1119/205418.804:ERROR:process_reader_win.cc(151)] SuspendThread: Access is denied. (0x5)
[1119/205418.804:ERROR:process_reader_win.cc(151)] SuspendThread: Access is denied. (0x5)
[1119/205418.804:ERROR:process_reader_win.cc(151)] SuspendThread: Access is denied. (0x5)
[1119/205418.804:ERROR:process_reader_win.cc(151)] SuspendThread: Access is denied. (0x5)
[1119/205418.804:ERROR:process_reader_win.cc(123)] NtOpenThread: {Access Denied} A process has requested access to an object, but has not been granted those access rights. (0xc0000022)
[1119/205418.805:ERROR:exception_snapshot_win.cc(99)] thread ID 7696 not found in process
[1119/205640.204:ERROR:process_reader_win.cc(123)] NtOpenThread: {Access Denied} A process has requested access to an object, but has not been granted those access rights. (0xc0000022)
[1119/205640.207:ERROR:exception_snapshot_win.cc(99)] thread ID 9152 not found in process
[1119/205640.235:ERROR:process_reader_win.cc(123)] NtOpenThread: {Access Denied} A process has requested access to an object, but has not been granted those access rights. (0xc0000022)
[1119/205640.235:ERROR:exception_snapshot_win.cc(99)] thread ID 15012 not found in process
[1119/211824.557:ERROR:process_reader_win.cc(151)] SuspendThread: Access is denied. (0x5)
[1119/211824.558:ERROR:process_reader_win.cc(151)] SuspendThread: Access is denied. (0x5)
[1119/211824.558:ERROR:process_reader_win.cc(123)] NtOpenThread: {Access Denied} A process has requested access to an object, but has not been granted those access rights. (0xc0000022)
[1119/211824.560:ERROR:exception_snapshot_win.cc(99)] thread ID 16412 not found in process
[1119/211824.585:ERROR:process_reader_win.cc(123)] NtOpenThread: {Access Denied} A process has requested access to an object, but has not been granted those access rights. (0xc0000022)
[1119/211824.585:ERROR:exception_snapshot_win.cc(99)] thread ID 12124 not found in process
[1119/211925.947:ERROR:process_reader_win.cc(151)] SuspendThread: Access is denied. (0x5)
[1119/211925.948:ERROR:process_reader_win.cc(151)] SuspendThread: Access is denied. (0x5)
[1119/211925.948:ERROR:process_reader_win.cc(123)] NtOpenThread: {Access Denied} A process has requested access to an object, but has not been granted those access rights. (0xc0000022)
[1119/211925.948:ERROR:exception_snapshot_win.cc(99)] thread ID 6536 not found in process
[1119/211925.967:ERROR:process_reader_win.cc(151)] SuspendThread: Access is denied. (0x5)
[1119/211925.967:ERROR:process_reader_win.cc(151)] SuspendThread: Access is denied. (0x5)
[1119/211925.967:ERROR:process_reader_win.cc(151)] SuspendThread: Access is denied. (0x5)
[1119/211925.967:ERROR:process_reader_win.cc(151)] SuspendThread: Access is denied. (0x5)
[1119/211925.967:ERROR:process_reader_win.cc(151)] SuspendThread: Access is denied. (0x5)
[1119/211925.967:ERROR:process_reader_win.cc(123)] NtOpenThread: {Access Denied} A process has requested access to an object, but has not been granted those access rights. (0xc0000022)
[1119/211925.967:ERROR:exception_snapshot_win.cc(99)] thread ID 12124 not found in process
[1119/212022.897:ERROR:process_reader_win.cc(151)] SuspendThread: Access is denied. (0x5)
[1119/212022.898:ERROR:process_reader_win.cc(123)] NtOpenThread: {Access Denied} A process has requested access to an object, but has not been granted those access rights. (0xc0000022)
[1119/212022.899:ERROR:exception_snapshot_win.cc(99)] thread ID 17884 not found in process
[1119/212022.915:ERROR:process_reader_win.cc(151)] SuspendThread: Access is denied. (0x5)
[1119/212022.915:ERROR:process_reader_win.cc(123)] NtOpenThread: {Access Denied} A process has requested access to an object, but has not been granted those access rights. (0xc0000022)
[1119/212022.915:ERROR:exception_snapshot_win.cc(99)] thread ID 12880 not found in process
[1119/212022.918:ERROR:process_reader_win.cc(151)] SuspendThread: Access is denied. (0x5)
[1119/212022.918:ERROR:process_reader_win.cc(151)] SuspendThread: Access is denied. (0x5)
[1119/212022.918:ERROR:process_reader_win.cc(151)] SuspendThread: Access is denied. (0x5)
[1119/212022.918:ERROR:process_reader_win.cc(151)] SuspendThread: Access is denied. (0x5)
[1119/212022.918:ERROR:process_reader_win.cc(151)] SuspendThread: Access is denied. (0x5)
[1119/212022.918:ERROR:process_reader_win.cc(123)] NtOpenThread: {Access Denied} A process has requested access to an object, but has not been granted those access rights. (0xc0000022)
[1119/212022.919:ERROR:exception_snapshot_win.cc(99)] thread ID 224 not found in process
[1119/212131.871:ERROR:process_reader_win.cc(123)] NtOpenThread: {Access Denied} A process has requested access to an object, but has not been granted those access rights. (0xc0000022)
[1119/212131.872:ERROR:exception_snapshot_win.cc(99)] thread ID 15220 not found in process
[1119/212131.896:ERROR:process_reader_win.cc(151)] SuspendThread: Access is denied. (0x5)
[1119/212131.897:ERROR:process_reader_win.cc(151)] SuspendThread: Access is denied. (0x5)
[1119/212131.897:ERROR:process_reader_win.cc(151)] SuspendThread: Access is denied. (0x5)
[1119/212131.897:ERROR:process_reader_win.cc(151)] SuspendThread: Access is denied. (0x5)
[1119/212131.897:ERROR:process_reader_win.cc(151)] SuspendThread: Access is denied. (0x5)
[1119/212131.897:ERROR:process_reader_win.cc(123)] NtOpenThread: {Access Denied} A process has requested access to an object, but has not been granted those access rights. (0xc0000022)
[1119/212131.897:ERROR:exception_snapshot_win.cc(99)] thread ID 2892 not found in process
[1119/212246.618:ERROR:process_reader_win.cc(151)] SuspendThread: Access is denied. (0x5)
[1119/212246.619:ERROR:process_reader_win.cc(123)] NtOpenThread: {Access Denied} A process has requested access to an object, but has not been granted those access rights. (0xc0000022)
[1119/212246.619:ERROR:exception_snapshot_win.cc(99)] thread ID 10000 not found in process
[1119/212246.647:ERROR:process_reader_win.cc(151)] SuspendThread: Access is denied. (0x5)
[1119/212246.648:ERROR:process_reader_win.cc(151)] SuspendThread: Access is denied. (0x5)
[1119/212246.648:ERROR:process_reader_win.cc(151)] SuspendThread: Access is denied. (0x5)
[1119/212246.648:ERROR:process_reader_win.cc(151)] SuspendThread: Access is denied. (0x5)
[1119/212246.648:ERROR:process_reader_win.cc(151)] SuspendThread: Access is denied. (0x5)
[1119/212246.648:ERROR:process_reader_win.cc(123)] NtOpenThread: {Access Denied} A process has requested access to an object, but has not been granted those access rights. (0xc0000022)
[1119/212246.648:ERROR:exception_snapshot_win.cc(99)] thread ID 8880 not found in process
[1119/212603.850:ERROR:process_reader_win.cc(151)] SuspendThread: Access is denied. (0x5)
[1119/212603.850:ERROR:process_reader_win.cc(123)] NtOpenThread: {Access Denied} A process has requested access to an object, but has not been granted those access rights. (0xc0000022)
[1119/212603.851:ERROR:exception_snapshot_win.cc(99)] thread ID 18600 not found in process
[1119/212603.878:ERROR:process_reader_win.cc(123)] NtOpenThread: {Access Denied} A process has requested access to an object, but has not been granted those access rights. (0xc0000022)
[1119/212603.878:ERROR:exception_snapshot_win.cc(99)] thread ID 18516 not found in process
[1119/215049.868:ERROR:process_reader_win.cc(123)] NtOpenThread: {Access Denied} A process has requested access to an object, but has not been granted those access rights. (0xc0000022)
[1119/215049.869:ERROR:exception_snapshot_win.cc(99)] thread ID 12648 not found in process
[1119/215049.898:ERROR:process_reader_win.cc(123)] NtOpenThread: {Access Denied} A process has requested access to an object, but has not been granted those access rights. (0xc0000022)
[1119/215049.898:ERROR:exception_snapshot_win.cc(99)] thread ID 17164 not found in process
[1119/220613.047:ERROR:process_reader_win.cc(151)] SuspendThread: Access is denied. (0x5)
[1119/220613.048:ERROR:process_reader_win.cc(151)] SuspendThread: Access is denied. (0x5)
[1119/220613.048:ERROR:process_reader_win.cc(123)] NtOpenThread: {Access Denied} A process has requested access to an object, but has not been granted those access rights. (0xc0000022)
[1119/220613.049:ERROR:exception_snapshot_win.cc(99)] thread ID 10392 not found in process
[1119/220613.088:ERROR:process_reader_win.cc(151)] SuspendThread: Access is denied. (0x5)
[1119/220613.089:ERROR:process_reader_win.cc(151)] SuspendThread: Access is denied. (0x5)
[1119/220613.089:ERROR:process_reader_win.cc(151)] SuspendThread: Access is denied. (0x5)
[1119/220613.089:ERROR:process_reader_win.cc(151)] SuspendThread: Access is denied. (0x5)
[1119/220613.089:ERROR:process_reader_win.cc(151)] SuspendThread: Access is denied. (0x5)
[1119/220613.089:ERROR:process_reader_win.cc(151)] SuspendThread: Access is denied. (0x5)
[1119/220613.089:ERROR:process_reader_win.cc(123)] NtOpenThread: {Access Denied} A process has requested access to an object, but has not been granted those access rights. (0xc0000022)
[1119/220613.089:ERROR:exception_snapshot_win.cc(99)] thread ID 9312 not found in process
[1119/220719.764:ERROR:process_reader_win.cc(123)] NtOpenThread: {Access Denied} A process has requested access to an object, but has not been granted those access rights. (0xc0000022)
[1119/220719.766:ERROR:exception_snapshot_win.cc(99)] thread ID 10644 not found in process
[1119/220719.790:ERROR:process_reader_win.cc(123)] NtOpenThread: {Access Denied} A process has requested access to an object, but has not been granted those access rights. (0xc0000022)
[1119/220719.790:ERROR:exception_snapshot_win.cc(99)] thread ID 12648 not found in process
[1120/113302.500:ERROR:directory_reader_win.cc(43)] FindFirstFile: The system cannot find the path specified. (0x3)
[1120/121057.437:ERROR:process_reader_win.cc(123)] NtOpenThread: {Access Denied} A process has requested access to an object, but has not been granted those access rights. (0xc0000022)
[1120/121057.437:ERROR:exception_snapshot_win.cc(99)] thread ID 4356 not found in process
[1120/121057.455:ERROR:process_reader_win.cc(123)] NtOpenThread: {Access Denied} A process has requested access to an object, but has not been granted those access rights. (0xc0000022)
[1120/121057.455:ERROR:exception_snapshot_win.cc(99)] thread ID 18600 not found in process
[1120/122114.853:ERROR:directory_reader_win.cc(43)] FindFirstFile: The system cannot find the path specified. (0x3)
[1120/173543.581:ERROR:process_reader_win.cc(123)] NtOpenThread: {Access Denied} A process has requested access to an object, but has not been granted those access rights. (0xc0000022)
[1120/173543.581:ERROR:process_reader_win.cc(123)] NtOpenThread: {Access Denied} A process has requested access to an object, but has not been granted those access rights. (0xc0000022)
[1120/173543.606:ERROR:exception_snapshot_win.cc(99)] thread ID 18552 not found in process
[1120/173543.606:ERROR:exception_snapshot_win.cc(99)] thread ID 9724 not found in process
[1120/173828.832:ERROR:process_reader_win.cc(151)] SuspendThread: Access is denied. (0x5)
[1120/173828.832:ERROR:process_reader_win.cc(123)] NtOpenThread: {Access Denied} A process has requested access to an object, but has not been granted those access rights. (0xc0000022)
[1120/173828.832:ERROR:exception_snapshot_win.cc(99)] thread ID 6788 not found in process
[1120/173828.869:ERROR:process_reader_win.cc(151)] SuspendThread: Access is denied. (0x5)
[1120/173828.869:ERROR:process_reader_win.cc(151)] SuspendThread: Access is denied. (0x5)
[1120/173828.869:ERROR:process_reader_win.cc(151)] SuspendThread: Access is denied. (0x5)
[1120/173828.869:ERROR:process_reader_win.cc(151)] SuspendThread: Access is denied. (0x5)
[1120/173828.869:ERROR:process_reader_win.cc(151)] SuspendThread: Access is denied. (0x5)
[1120/173828.869:ERROR:process_reader_win.cc(151)] SuspendThread: Access is denied. (0x5)
[1120/173828.869:ERROR:process_reader_win.cc(123)] NtOpenThread: {Access Denied} A process has requested access to an object, but has not been granted those access rights. (0xc0000022)
[1120/173828.869:ERROR:exception_snapshot_win.cc(99)] thread ID 9700 not found in process
